Determining if the pthread_create exist failed with the following output:
Change Dir: /ws/build/catkin_tools_prebuild/CMakeFiles/CMakeTmp

Run Build Command:"/usr/bin/make" "cmTC_a582c/fast"
/usr/bin/make -f CMakeFiles/cmTC_a582c.dir/build.make CMakeFiles/cmTC_a582c.dir/build
make[1]: Entering directory '/ws/build/catkin_tools_prebuild/CMakeFiles/CMakeTmp'
Building C object CMakeFiles/cmTC_a582c.dir/CheckSymbolExists.c.o
/usr/bin/cc    -o CMakeFiles/cmTC_a582c.dir/CheckSymbolExists.c.o   -c /ws/build/catkin_tools_prebuild/CMakeFiles/CMakeTmp/CheckSymbolExists.c
Linking C executable cmTC_a582c
/usr/bin/cmake -E cmake_link_script CMakeFiles/cmTC_a582c.dir/link.txt --verbose=1
/usr/bin/cc      -rdynamic CMakeFiles/cmTC_a582c.dir/CheckSymbolExists.c.o  -o cmTC_a582c 
CMakeFiles/cmTC_a582c.dir/CheckSymbolExists.c.o: In function `main':
CheckSymbolExists.c:(.text+0x1b): undefined reference to `pthread_create'
collect2: error: ld returned 1 exit status
CMakeFiles/cmTC_a582c.dir/build.make:97: recipe for target 'cmTC_a582c' failed
make[1]: *** [cmTC_a582c] Error 1
make[1]: Leaving directory '/ws/build/catkin_tools_prebuild/CMakeFiles/CMakeTmp'
Makefile:126: recipe for target 'cmTC_a582c/fast' failed
make: *** [cmTC_a582c/fast] Error 2

File /ws/build/catkin_tools_prebuild/CMakeFiles/CMakeTmp/CheckSymbolExists.c:
/* */
#include <pthread.h>

int main(int argc, char** argv)
{
  (void)argv;
#ifndef pthread_create
  return ((int*)(&pthread_create))[argc];
#else
  (void)argc;
  return 0;
#endif
}

Determining if the function pthread_create exists in the pthreads failed with the following output:
Change Dir: /ws/build/catkin_tools_prebuild/CMakeFiles/CMakeTmp

Run Build Command:"/usr/bin/make" "cmTC_9b433/fast"
/usr/bin/make -f CMakeFiles/cmTC_9b433.dir/build.make CMakeFiles/cmTC_9b433.dir/build
make[1]: Entering directory '/ws/build/catkin_tools_prebuild/CMakeFiles/CMakeTmp'
Building C object CMakeFiles/cmTC_9b433.dir/CheckFunctionExists.c.o
/usr/bin/cc   -DCHECK_FUNCTION_EXISTS=pthread_create   -o CMakeFiles/cmTC_9b433.dir/CheckFunctionExists.c.o   -c /usr/share/cmake-3.10/Modules/CheckFunctionExists.c
Linking C executable cmTC_9b433
/usr/bin/cmake -E cmake_link_script CMakeFiles/cmTC_9b433.dir/link.txt --verbose=1
/usr/bin/cc  -DCHECK_FUNCTION_EXISTS=pthread_create    -rdynamic CMakeFiles/cmTC_9b433.dir/CheckFunctionExists.c.o  -o cmTC_9b433 -lpthreads 
/usr/bin/ld: cannot find -lpthreads
collect2: error: ld returned 1 exit status
CMakeFiles/cmTC_9b433.dir/build.make:97: recipe for target 'cmTC_9b433' failed
make[1]: *** [cmTC_9b433] Error 1
make[1]: Leaving directory '/ws/build/catkin_tools_prebuild/CMakeFiles/CMakeTmp'
Makefile:126: recipe for target 'cmTC_9b433/fast' failed
make: *** [cmTC_9b433/fast] Error 2


